<?xml version="1.0" encoding="UTF-8"?>
<testsuite name="edu.eci.arsw.blueprints.test.services.ApplicationServicesTests" time="0.004" tests="1" errors="1" skipped="0" failures="0">
  <properties>
    <property name="java.runtime.name" value="OpenJDK Runtime Environment"/>
    <property name="java.vm.version" value="11.0.12+7"/>
    <property name="sun.boot.library.path" value="C:\Program Files\Eclipse Foundation\jdk-11.0.12.7-hotspot\bin"/>
    <property name="maven.multiModuleProjectDirectory" value="C:\Users\jrper\Desktop\Semestre\ARSW\Lab 05\ARSW-5L"/>
    <property name="java.vm.vendor" value="Eclipse Foundation"/>
    <property name="java.vendor.url" value="https://adoptium.net/"/>
    <property name="guice.disable.misplaced.annotation.check" value="true"/>
    <property name="path.separator" value=";"/>
    <property name="java.vm.name" value="OpenJDK 64-Bit Server VM"/>
    <property name="sun.os.patch.level" value=""/>
    <property name="user.script" value=""/>
    <property name="user.country" value="US"/>
    <property name="sun.java.launcher" value="SUN_STANDARD"/>
    <property name="java.vm.specification.name" value="Java Virtual Machine Specification"/>
    <property name="user.dir" value="C:\Users\jrper\Desktop\Semestre\ARSW\Lab 05\ARSW-5L"/>
    <property name="java.vm.compressedOopsMode" value="Zero based"/>
    <property name="java.runtime.version" value="11.0.12+7"/>
    <property name="java.awt.graphicsenv" value="sun.awt.Win32GraphicsEnvironment"/>
    <property name="os.arch" value="amd64"/>
    <property name="java.io.tmpdir" value="C:\Users\jrper\AppData\Local\Temp\"/>
    <property name="line.separator" value="&#10;"/>
    <property name="java.vm.specification.vendor" value="Oracle Corporation"/>
    <property name="user.variant" value=""/>
    <property name="os.name" value="Windows 10"/>
    <property name="classworlds.conf" value="C:\Program Files\Apache maven\apache-maven-3.8.1\bin\..\bin\m2.conf"/>
    <property name="sun.jnu.encoding" value="Cp1252"/>
    <property name="java.library.path" value="C:\Program Files\Eclipse Foundation\jdk-11.0.12.7-hotspot\bin;C:\Windows\Sun\Java\bin;C:\Windows\system32;C:\Windows;C:\Program Files (x86)\VMware\VMware Player\bin\;C:\Program Files\Eclipse Foundation\jdk-11.0.12.7-hotspot\bin;C:\Program Files (x86)\Common Files\Oracle\Java\javapath;C:\ProgramData\Oracle\Java\javapath;C:\Windows\system32;C:\Windows;C:\Windows\System32\Wbem;C:\Windows\System32\WindowsPowerShell\v1.0\;C:\Windows\System32\OpenSSH\;C:\Program Files (x86)\NVIDIA Corporation\PhysX\Common;C:\Program Files\NVIDIA Corporation\NVIDIA NvDLISR;C:\Program Files\Git\cmd;C:\Program Files\Apache maven\apache-maven-3.8.1\bin;;C:\Program Files\Docker\Docker\resources\bin;C:\ProgramData\DockerDesktop\version-bin;C:\Users\jrper\AppData\Local\Programs\Python\Python39\Scripts\;C:\Users\jrper\AppData\Local\Programs\Python\Python39\;C:\Users\jrper\AppData\Local\Microsoft\WindowsApps;;C:\Users\jrper\AppData\Local\Programs\Microsoft VS Code\bin;C:\Program Files\heroku\bin;."/>
    <property name="maven.conf" value="C:\Program Files\Apache maven\apache-maven-3.8.1\bin\../conf"/>
    <property name="jdk.debug" value="release"/>
    <property name="java.class.version" value="55.0"/>
    <property name="java.specification.name" value="Java Platform API Specification"/>
    <property name="sun.management.compiler" value="HotSpot 64-Bit Tiered Compilers"/>
    <property name="os.version" value="10.0"/>
    <property name="library.jansi.path" value="C:\Program Files\Apache maven\apache-maven-3.8.1\bin\..\lib\jansi-native"/>
    <property name="user.home" value="C:\Users\jrper"/>
    <property name="user.timezone" value="America/Bogota"/>
    <property name="java.awt.printerjob" value="sun.awt.windows.WPrinterJob"/>
    <property name="file.encoding" value="Cp1252"/>
    <property name="java.specification.version" value="11"/>
    <property name="user.name" value="jrper"/>
    <property name="java.class.path" value="C:\Program Files\Apache maven\apache-maven-3.8.1\bin\..\boot\plexus-classworlds-2.6.0.jar"/>
    <property name="java.vm.specification.version" value="11"/>
    <property name="sun.arch.data.model" value="64"/>
    <property name="sun.java.command" value="org.codehaus.plexus.classworlds.launcher.Launcher clean install"/>
    <property name="java.home" value="C:\Program Files\Eclipse Foundation\jdk-11.0.12.7-hotspot"/>
    <property name="user.language" value="en"/>
    <property name="java.specification.vendor" value="Oracle Corporation"/>
    <property name="awt.toolkit" value="sun.awt.windows.WToolkit"/>
    <property name="java.vm.info" value="mixed mode"/>
    <property name="java.version" value="11.0.12"/>
    <property name="java.vendor" value="Eclipse Foundation"/>
    <property name="sun.stderr.encoding" value="cp437"/>
    <property name="maven.home" value="C:\Program Files\Apache maven\apache-maven-3.8.1\bin\.."/>
    <property name="file.separator" value="\"/>
    <property name="java.version.date" value="2021-07-20"/>
    <property name="java.vendor.url.bug" value="https://github.com/adoptium/adoptium-support/issues"/>
    <property name="sun.io.unicode.encoding" value="UnicodeLittle"/>
    <property name="sun.cpu.endian" value="little"/>
    <property name="java.vendor.version" value="Temurin-11.0.12+7"/>
    <property name="sun.stdout.encoding" value="cp437"/>
    <property name="sun.desktop" value="windows"/>
    <property name="sun.cpu.isalist" value="amd64"/>
  </properties>
  <testcase name="initializationError" classname="edu.eci.arsw.blueprints.test.services.ApplicationServicesTests" time="0.004">
    <error message="Unable to find a @SpringBootConfiguration, you need to use @ContextConfiguration or @SpringBootTest(classes=...) with your test" type="java.lang.IllegalStateException"><![CDATA[java.lang.IllegalStateException: Unable to find a @SpringBootConfiguration, you need to use @ContextConfiguration or @SpringBootTest(classes=...) with your test
	at org.springframework.util.Assert.state(Assert.java:392)
	at org.springframework.boot.test.context.SpringBootTestContextBootstrapper.getOrFindConfigurationClasses(SpringBootTestContextBootstrapper.java:173)
	at org.springframework.boot.test.context.SpringBootTestContextBootstrapper.processMergedContextConfiguration(SpringBootTestContextBootstrapper.java:133)
	at org.springframework.test.context.support.AbstractTestContextBootstrapper.buildMergedContextConfiguration(AbstractTestContextBootstrapper.java:409)
	at org.springframework.test.context.support.AbstractTestContextBootstrapper.buildDefaultMergedContextConfiguration(AbstractTestContextBootstrapper.java:323)
	at org.springframework.test.context.support.AbstractTestContextBootstrapper.buildMergedContextConfiguration(AbstractTestContextBootstrapper.java:277)
	at org.springframework.test.context.support.AbstractTestContextBootstrapper.buildTestContext(AbstractTestContextBootstrapper.java:112)
	at org.springframework.boot.test.context.SpringBootTestContextBootstrapper.buildTestContext(SpringBootTestContextBootstrapper.java:78)
	at org.springframework.test.context.TestContextManager.<init>(TestContextManager.java:120)
	at org.springframework.test.context.TestContextManager.<init>(TestContextManager.java:105)
	at org.springframework.test.context.junit4.SpringJUnit4ClassRunner.createTestContextManager(SpringJUnit4ClassRunner.java:152)
	at org.springframework.test.context.junit4.SpringJUnit4ClassRunner.<init>(SpringJUnit4ClassRunner.java:143)
	at org.springframework.test.context.junit4.SpringRunner.<init>(SpringRunner.java:49)
	at java.base/jdk.internal.reflect.NativeConstructorAccessorImpl.newInstance0(Native Method)
	at java.base/jdk.internal.reflect.NativeConstructorAccessorImpl.newInstance(NativeConstructorAccessorImpl.java:62)
	at java.base/jdk.internal.reflect.DelegatingConstructorAccessorImpl.newInstance(DelegatingConstructorAccessorImpl.java:45)
	at java.base/java.lang.reflect.Constructor.newInstance(Constructor.java:490)
	at org.junit.internal.builders.AnnotatedBuilder.buildRunner(AnnotatedBuilder.java:104)
	at org.junit.internal.builders.AnnotatedBuilder.runnerForClass(AnnotatedBuilder.java:86)
	at org.junit.runners.model.RunnerBuilder.safeRunnerForClass(RunnerBuilder.java:70)
	at org.junit.internal.builders.AllDefaultPossibilitiesBuilder.runnerForClass(AllDefaultPossibilitiesBuilder.java:37)
	at org.junit.runners.model.RunnerBuilder.safeRunnerForClass(RunnerBuilder.java:70)
	at org.junit.internal.requests.ClassRequest.createRunner(ClassRequest.java:28)
	at org.junit.internal.requests.MemoizingRequest.getRunner(MemoizingRequest.java:19)
	at org.apache.maven.surefire.junit4.JUnit4Provider.execute(JUnit4Provider.java:283)
	at org.apache.maven.surefire.junit4.JUnit4Provider.executeWithRerun(JUnit4Provider.java:173)
	at org.apache.maven.surefire.junit4.JUnit4Provider.executeTestSet(JUnit4Provider.java:153)
	at org.apache.maven.surefire.junit4.JUnit4Provider.invoke(JUnit4Provider.java:128)
	at org.apache.maven.surefire.booter.ForkedBooter.invokeProviderInSameClassLoader(ForkedBooter.java:203)
	at org.apache.maven.surefire.booter.ForkedBooter.runSuitesInProcess(ForkedBooter.java:155)
	at org.apache.maven.surefire.booter.ForkedBooter.main(ForkedBooter.java:103)
]]></error>
    <system-out><![CDATA[23:34:46.013 [main] DEBUG org.springframework.test.context.junit4.SpringJUnit4ClassRunner - SpringJUnit4ClassRunner constructor called with [class edu.eci.arsw.blueprints.test.services.ApplicationServicesTests]
23:34:46.021 [main] DEBUG org.springframework.test.context.BootstrapUtils - Instantiating CacheAwareContextLoaderDelegate from class [org.springframework.test.context.cache.DefaultCacheAwareContextLoaderDelegate]
23:34:46.032 [main] DEBUG org.springframework.test.context.BootstrapUtils - Instantiating BootstrapContext using constructor [public org.springframework.test.context.support.DefaultBootstrapContext(java.lang.Class,org.springframework.test.context.CacheAwareContextLoaderDelegate)]
23:34:46.046 [main] DEBUG org.springframework.test.context.BootstrapUtils - Instantiating TestContextBootstrapper for test class [edu.eci.arsw.blueprints.test.services.ApplicationServicesTests] from class [org.springframework.boot.test.context.SpringBootTestContextBootstrapper]
23:34:46.060 [main] INFO org.springframework.boot.test.context.SpringBootTestContextBootstrapper - Neither @ContextConfiguration nor @ContextHierarchy found for test class [edu.eci.arsw.blueprints.test.services.ApplicationServicesTests], using SpringBootContextLoader
23:34:46.065 [main] DEBUG org.springframework.test.context.support.AbstractContextLoader - Did not detect default resource location for test class [edu.eci.arsw.blueprints.test.services.ApplicationServicesTests]: class path resource [edu/eci/arsw/blueprints/test/services/ApplicationServicesTests-context.xml] does not exist
23:34:46.065 [main] DEBUG org.springframework.test.context.support.AbstractContextLoader - Did not detect default resource location for test class [edu.eci.arsw.blueprints.test.services.ApplicationServicesTests]: class path resource [edu/eci/arsw/blueprints/test/services/ApplicationServicesTestsContext.groovy] does not exist
23:34:46.065 [main] INFO org.springframework.test.context.support.AbstractContextLoader - Could not detect default resource locations for test class [edu.eci.arsw.blueprints.test.services.ApplicationServicesTests]: no resource found for suffixes {-context.xml, Context.groovy}.
23:34:46.066 [main] INFO org.springframework.test.context.support.AnnotationConfigContextLoaderUtils - Could not detect default configuration classes for test class [edu.eci.arsw.blueprints.test.services.ApplicationServicesTests]: ApplicationServicesTests does not declare any static, non-private, non-final, nested classes annotated with @Configuration.
23:34:46.113 [main] DEBUG org.springframework.test.context.support.ActiveProfilesUtils - Could not find an 'annotation declaring class' for annotation type [org.springframework.test.context.ActiveProfiles] and class [edu.eci.arsw.blueprints.test.services.ApplicationServicesTests]
23:34:46.162 [main] DEBUG org.springframework.core.env.StandardEnvironment - Adding [systemProperties] PropertySource with lowest search precedence
23:34:46.165 [main] DEBUG org.springframework.core.env.StandardEnvironment - Adding [systemEnvironment] PropertySource with lowest search precedence
23:34:46.166 [main] DEBUG org.springframework.core.env.StandardEnvironment - Initialized StandardEnvironment with PropertySources [systemProperties,systemEnvironment]
23:34:46.175 [main] DEBUG org.springframework.core.io.support.PathMatchingResourcePatternResolver - Resolved classpath location [edu/eci/arsw/blueprints/test/services/] to resources [URL [file:/C:/Users/jrper/Desktop/Semestre/ARSW/Lab%2005/ARSW-5L/target/test-classes/edu/eci/arsw/blueprints/test/services/]]
23:34:46.175 [main] DEBUG org.springframework.core.io.support.PathMatchingResourcePatternResolver - Looking for matching resources in directory tree [C:\Users\jrper\Desktop\Semestre\ARSW\Lab 05\ARSW-5L\target\test-classes\edu\eci\arsw\blueprints\test\services]
23:34:46.176 [main] DEBUG org.springframework.core.io.support.PathMatchingResourcePatternResolver - Searching directory [C:\Users\jrper\Desktop\Semestre\ARSW\Lab 05\ARSW-5L\target\test-classes\edu\eci\arsw\blueprints\test\services] for files matching pattern [C:/Users/jrper/Desktop/Semestre/ARSW/Lab 05/ARSW-5L/target/test-classes/edu/eci/arsw/blueprints/test/services/*.class]
23:34:46.180 [main] DEBUG org.springframework.core.io.support.PathMatchingResourcePatternResolver - Resolved location pattern [classpath*:edu/eci/arsw/blueprints/test/services/*.class] to resources [file [C:\Users\jrper\Desktop\Semestre\ARSW\Lab 05\ARSW-5L\target\test-classes\edu\eci\arsw\blueprints\test\services\ApplicationServicesTests.class]]
23:34:46.196 [main] DEBUG org.springframework.core.io.support.PathMatchingResourcePatternResolver - Resolved classpath location [edu/eci/arsw/blueprints/test/] to resources [URL [file:/C:/Users/jrper/Desktop/Semestre/ARSW/Lab%2005/ARSW-5L/target/test-classes/edu/eci/arsw/blueprints/test/]]
23:34:46.196 [main] DEBUG org.springframework.core.io.support.PathMatchingResourcePatternResolver - Looking for matching resources in directory tree [C:\Users\jrper\Desktop\Semestre\ARSW\Lab 05\ARSW-5L\target\test-classes\edu\eci\arsw\blueprints\test]
23:34:46.196 [main] DEBUG org.springframework.core.io.support.PathMatchingResourcePatternResolver - Searching directory [C:\Users\jrper\Desktop\Semestre\ARSW\Lab 05\ARSW-5L\target\test-classes\edu\eci\arsw\blueprints\test] for files matching pattern [C:/Users/jrper/Desktop/Semestre/ARSW/Lab 05/ARSW-5L/target/test-classes/edu/eci/arsw/blueprints/test/*.class]
23:34:46.196 [main] DEBUG org.springframework.core.io.support.PathMatchingResourcePatternResolver - Resolved location pattern [classpath*:edu/eci/arsw/blueprints/test/*.class] to resources []
23:34:46.197 [main] DEBUG org.springframework.core.io.support.PathMatchingResourcePatternResolver - Resolved classpath location [edu/eci/arsw/blueprints/] to resources [URL [file:/C:/Users/jrper/Desktop/Semestre/ARSW/Lab%2005/ARSW-5L/target/test-classes/edu/eci/arsw/blueprints/], URL [file:/C:/Users/jrper/Desktop/Semestre/ARSW/Lab%2005/ARSW-5L/target/classes/edu/eci/arsw/blueprints/]]
23:34:46.198 [main] DEBUG org.springframework.core.io.support.PathMatchingResourcePatternResolver - Looking for matching resources in directory tree [C:\Users\jrper\Desktop\Semestre\ARSW\Lab 05\ARSW-5L\target\test-classes\edu\eci\arsw\blueprints]
23:34:46.198 [main] DEBUG org.springframework.core.io.support.PathMatchingResourcePatternResolver - Searching directory [C:\Users\jrper\Desktop\Semestre\ARSW\Lab 05\ARSW-5L\target\test-classes\edu\eci\arsw\blueprints] for files matching pattern [C:/Users/jrper/Desktop/Semestre/ARSW/Lab 05/ARSW-5L/target/test-classes/edu/eci/arsw/blueprints/*.class]
23:34:46.199 [main] DEBUG org.springframework.core.io.support.PathMatchingResourcePatternResolver - Looking for matching resources in directory tree [C:\Users\jrper\Desktop\Semestre\ARSW\Lab 05\ARSW-5L\target\classes\edu\eci\arsw\blueprints]
23:34:46.200 [main] DEBUG org.springframework.core.io.support.PathMatchingResourcePatternResolver - Searching directory [C:\Users\jrper\Desktop\Semestre\ARSW\Lab 05\ARSW-5L\target\classes\edu\eci\arsw\blueprints] for files matching pattern [C:/Users/jrper/Desktop/Semestre/ARSW/Lab 05/ARSW-5L/target/classes/edu/eci/arsw/blueprints/*.class]
23:34:46.201 [main] DEBUG org.springframework.core.io.support.PathMatchingResourcePatternResolver - Resolved location pattern [classpath*:edu/eci/arsw/blueprints/*.class] to resources []
23:34:46.203 [main] DEBUG org.springframework.core.io.support.PathMatchingResourcePatternResolver - Resolved classpath location [edu/eci/arsw/] to resources [URL [file:/C:/Users/jrper/Desktop/Semestre/ARSW/Lab%2005/ARSW-5L/target/test-classes/edu/eci/arsw/], URL [file:/C:/Users/jrper/Desktop/Semestre/ARSW/Lab%2005/ARSW-5L/target/classes/edu/eci/arsw/]]
23:34:46.203 [main] DEBUG org.springframework.core.io.support.PathMatchingResourcePatternResolver - Looking for matching resources in directory tree [C:\Users\jrper\Desktop\Semestre\ARSW\Lab 05\ARSW-5L\target\test-classes\edu\eci\arsw]
23:34:46.203 [main] DEBUG org.springframework.core.io.support.PathMatchingResourcePatternResolver - Searching directory [C:\Users\jrper\Desktop\Semestre\ARSW\Lab 05\ARSW-5L\target\test-classes\edu\eci\arsw] for files matching pattern [C:/Users/jrper/Desktop/Semestre/ARSW/Lab 05/ARSW-5L/target/test-classes/edu/eci/arsw/*.class]
23:34:46.204 [main] DEBUG org.springframework.core.io.support.PathMatchingResourcePatternResolver - Looking for matching resources in directory tree [C:\Users\jrper\Desktop\Semestre\ARSW\Lab 05\ARSW-5L\target\classes\edu\eci\arsw]
23:34:46.204 [main] DEBUG org.springframework.core.io.support.PathMatchingResourcePatternResolver - Searching directory [C:\Users\jrper\Desktop\Semestre\ARSW\Lab 05\ARSW-5L\target\classes\edu\eci\arsw] for files matching pattern [C:/Users/jrper/Desktop/Semestre/ARSW/Lab 05/ARSW-5L/target/classes/edu/eci/arsw/*.class]
23:34:46.204 [main] DEBUG org.springframework.core.io.support.PathMatchingResourcePatternResolver - Resolved location pattern [classpath*:edu/eci/arsw/*.class] to resources []
23:34:46.205 [main] DEBUG org.springframework.core.io.support.PathMatchingResourcePatternResolver - Resolved classpath location [edu/eci/] to resources [URL [file:/C:/Users/jrper/Desktop/Semestre/ARSW/Lab%2005/ARSW-5L/target/test-classes/edu/eci/], URL [file:/C:/Users/jrper/Desktop/Semestre/ARSW/Lab%2005/ARSW-5L/target/classes/edu/eci/]]
23:34:46.205 [main] DEBUG org.springframework.core.io.support.PathMatchingResourcePatternResolver - Looking for matching resources in directory tree [C:\Users\jrper\Desktop\Semestre\ARSW\Lab 05\ARSW-5L\target\test-classes\edu\eci]
23:34:46.206 [main] DEBUG org.springframework.core.io.support.PathMatchingResourcePatternResolver - Searching directory [C:\Users\jrper\Desktop\Semestre\ARSW\Lab 05\ARSW-5L\target\test-classes\edu\eci] for files matching pattern [C:/Users/jrper/Desktop/Semestre/ARSW/Lab 05/ARSW-5L/target/test-classes/edu/eci/*.class]
23:34:46.206 [main] DEBUG org.springframework.core.io.support.PathMatchingResourcePatternResolver - Looking for matching resources in directory tree [C:\Users\jrper\Desktop\Semestre\ARSW\Lab 05\ARSW-5L\target\classes\edu\eci]
23:34:46.207 [main] DEBUG org.springframework.core.io.support.PathMatchingResourcePatternResolver - Searching directory [C:\Users\jrper\Desktop\Semestre\ARSW\Lab 05\ARSW-5L\target\classes\edu\eci] for files matching pattern [C:/Users/jrper/Desktop/Semestre/ARSW/Lab 05/ARSW-5L/target/classes/edu/eci/*.class]
23:34:46.207 [main] DEBUG org.springframework.core.io.support.PathMatchingResourcePatternResolver - Resolved location pattern [classpath*:edu/eci/*.class] to resources []
23:34:46.208 [main] DEBUG org.springframework.core.io.support.PathMatchingResourcePatternResolver - Resolved classpath location [edu/] to resources [URL [file:/C:/Users/jrper/Desktop/Semestre/ARSW/Lab%2005/ARSW-5L/target/test-classes/edu/], URL [file:/C:/Users/jrper/Desktop/Semestre/ARSW/Lab%2005/ARSW-5L/target/classes/edu/]]
23:34:46.208 [main] DEBUG org.springframework.core.io.support.PathMatchingResourcePatternResolver - Looking for matching resources in directory tree [C:\Users\jrper\Desktop\Semestre\ARSW\Lab 05\ARSW-5L\target\test-classes\edu]
23:34:46.208 [main] DEBUG org.springframework.core.io.support.PathMatchingResourcePatternResolver - Searching directory [C:\Users\jrper\Desktop\Semestre\ARSW\Lab 05\ARSW-5L\target\test-classes\edu] for files matching pattern [C:/Users/jrper/Desktop/Semestre/ARSW/Lab 05/ARSW-5L/target/test-classes/edu/*.class]
23:34:46.209 [main] DEBUG org.springframework.core.io.support.PathMatchingResourcePatternResolver - Looking for matching resources in directory tree [C:\Users\jrper\Desktop\Semestre\ARSW\Lab 05\ARSW-5L\target\classes\edu]
23:34:46.209 [main] DEBUG org.springframework.core.io.support.PathMatchingResourcePatternResolver - Searching directory [C:\Users\jrper\Desktop\Semestre\ARSW\Lab 05\ARSW-5L\target\classes\edu] for files matching pattern [C:/Users/jrper/Desktop/Semestre/ARSW/Lab 05/ARSW-5L/target/classes/edu/*.class]
23:34:46.210 [main] DEBUG org.springframework.core.io.support.PathMatchingResourcePatternResolver - Resolved location pattern [classpath*:edu/*.class] to resources []
23:34:46.218 [main] DEBUG org.springframework.test.context.junit4.SpringJUnit4ClassRunner - SpringJUnit4ClassRunner constructor called with [class edu.eci.arsw.blueprints.test.services.ApplicationServicesTests]
23:34:46.218 [main] DEBUG org.springframework.test.context.BootstrapUtils - Instantiating CacheAwareContextLoaderDelegate from class [org.springframework.test.context.cache.DefaultCacheAwareContextLoaderDelegate]
23:34:46.218 [main] DEBUG org.springframework.test.context.BootstrapUtils - Instantiating BootstrapContext using constructor [public org.springframework.test.context.support.DefaultBootstrapContext(java.lang.Class,org.springframework.test.context.CacheAwareContextLoaderDelegate)]
23:34:46.218 [main] DEBUG org.springframework.test.context.BootstrapUtils - Instantiating TestContextBootstrapper for test class [edu.eci.arsw.blueprints.test.services.ApplicationServicesTests] from class [org.springframework.boot.test.context.SpringBootTestContextBootstrapper]
23:34:46.219 [main] INFO org.springframework.boot.test.context.SpringBootTestContextBootstrapper - Neither @ContextConfiguration nor @ContextHierarchy found for test class [edu.eci.arsw.blueprints.test.services.ApplicationServicesTests], using SpringBootContextLoader
23:34:46.220 [main] DEBUG org.springframework.test.context.support.AbstractContextLoader - Did not detect default resource location for test class [edu.eci.arsw.blueprints.test.services.ApplicationServicesTests]: class path resource [edu/eci/arsw/blueprints/test/services/ApplicationServicesTests-context.xml] does not exist
23:34:46.220 [main] DEBUG org.springframework.test.context.support.AbstractContextLoader - Did not detect default resource location for test class [edu.eci.arsw.blueprints.test.services.ApplicationServicesTests]: class path resource [edu/eci/arsw/blueprints/test/services/ApplicationServicesTestsContext.groovy] does not exist
23:34:46.220 [main] INFO org.springframework.test.context.support.AbstractContextLoader - Could not detect default resource locations for test class [edu.eci.arsw.blueprints.test.services.ApplicationServicesTests]: no resource found for suffixes {-context.xml, Context.groovy}.
23:34:46.221 [main] INFO org.springframework.test.context.support.AnnotationConfigContextLoaderUtils - Could not detect default configuration classes for test class [edu.eci.arsw.blueprints.test.services.ApplicationServicesTests]: ApplicationServicesTests does not declare any static, non-private, non-final, nested classes annotated with @Configuration.
23:34:46.235 [main] DEBUG org.springframework.test.context.support.ActiveProfilesUtils - Could not find an 'annotation declaring class' for annotation type [org.springframework.test.context.ActiveProfiles] and class [edu.eci.arsw.blueprints.test.services.ApplicationServicesTests]
23:34:46.236 [main] DEBUG org.springframework.core.env.StandardEnvironment - Adding [systemProperties] PropertySource with lowest search precedence
23:34:46.236 [main] DEBUG org.springframework.core.env.StandardEnvironment - Adding [systemEnvironment] PropertySource with lowest search precedence
23:34:46.236 [main] DEBUG org.springframework.core.env.StandardEnvironment - Initialized StandardEnvironment with PropertySources [systemProperties,systemEnvironment]
23:34:46.237 [main] DEBUG org.springframework.core.io.support.PathMatchingResourcePatternResolver - Resolved classpath location [edu/eci/arsw/blueprints/test/services/] to resources [URL [file:/C:/Users/jrper/Desktop/Semestre/ARSW/Lab%2005/ARSW-5L/target/test-classes/edu/eci/arsw/blueprints/test/services/]]
23:34:46.237 [main] DEBUG org.springframework.core.io.support.PathMatchingResourcePatternResolver - Looking for matching resources in directory tree [C:\Users\jrper\Desktop\Semestre\ARSW\Lab 05\ARSW-5L\target\test-classes\edu\eci\arsw\blueprints\test\services]
23:34:46.237 [main] DEBUG org.springframework.core.io.support.PathMatchingResourcePatternResolver - Searching directory [C:\Users\jrper\Desktop\Semestre\ARSW\Lab 05\ARSW-5L\target\test-classes\edu\eci\arsw\blueprints\test\services] for files matching pattern [C:/Users/jrper/Desktop/Semestre/ARSW/Lab 05/ARSW-5L/target/test-classes/edu/eci/arsw/blueprints/test/services/*.class]
23:34:46.238 [main] DEBUG org.springframework.core.io.support.PathMatchingResourcePatternResolver - Resolved location pattern [classpath*:edu/eci/arsw/blueprints/test/services/*.class] to resources [file [C:\Users\jrper\Desktop\Semestre\ARSW\Lab 05\ARSW-5L\target\test-classes\edu\eci\arsw\blueprints\test\services\ApplicationServicesTests.class]]
23:34:46.240 [main] DEBUG org.springframework.core.io.support.PathMatchingResourcePatternResolver - Resolved classpath location [edu/eci/arsw/blueprints/test/] to resources [URL [file:/C:/Users/jrper/Desktop/Semestre/ARSW/Lab%2005/ARSW-5L/target/test-classes/edu/eci/arsw/blueprints/test/]]
23:34:46.240 [main] DEBUG org.springframework.core.io.support.PathMatchingResourcePatternResolver - Looking for matching resources in directory tree [C:\Users\jrper\Desktop\Semestre\ARSW\Lab 05\ARSW-5L\target\test-classes\edu\eci\arsw\blueprints\test]
23:34:46.241 [main] DEBUG org.springframework.core.io.support.PathMatchingResourcePatternResolver - Searching directory [C:\Users\jrper\Desktop\Semestre\ARSW\Lab 05\ARSW-5L\target\test-classes\edu\eci\arsw\blueprints\test] for files matching pattern [C:/Users/jrper/Desktop/Semestre/ARSW/Lab 05/ARSW-5L/target/test-classes/edu/eci/arsw/blueprints/test/*.class]
23:34:46.241 [main] DEBUG org.springframework.core.io.support.PathMatchingResourcePatternResolver - Resolved location pattern [classpath*:edu/eci/arsw/blueprints/test/*.class] to resources []
23:34:46.242 [main] DEBUG org.springframework.core.io.support.PathMatchingResourcePatternResolver - Resolved classpath location [edu/eci/arsw/blueprints/] to resources [URL [file:/C:/Users/jrper/Desktop/Semestre/ARSW/Lab%2005/ARSW-5L/target/test-classes/edu/eci/arsw/blueprints/], URL [file:/C:/Users/jrper/Desktop/Semestre/ARSW/Lab%2005/ARSW-5L/target/classes/edu/eci/arsw/blueprints/]]
23:34:46.242 [main] DEBUG org.springframework.core.io.support.PathMatchingResourcePatternResolver - Looking for matching resources in directory tree [C:\Users\jrper\Desktop\Semestre\ARSW\Lab 05\ARSW-5L\target\test-classes\edu\eci\arsw\blueprints]
23:34:46.242 [main] DEBUG org.springframework.core.io.support.PathMatchingResourcePatternResolver - Searching directory [C:\Users\jrper\Desktop\Semestre\ARSW\Lab 05\ARSW-5L\target\test-classes\edu\eci\arsw\blueprints] for files matching pattern [C:/Users/jrper/Desktop/Semestre/ARSW/Lab 05/ARSW-5L/target/test-classes/edu/eci/arsw/blueprints/*.class]
23:34:46.243 [main] DEBUG org.springframework.core.io.support.PathMatchingResourcePatternResolver - Looking for matching resources in directory tree [C:\Users\jrper\Desktop\Semestre\ARSW\Lab 05\ARSW-5L\target\classes\edu\eci\arsw\blueprints]
23:34:46.243 [main] DEBUG org.springframework.core.io.support.PathMatchingResourcePatternResolver - Searching directory [C:\Users\jrper\Desktop\Semestre\ARSW\Lab 05\ARSW-5L\target\classes\edu\eci\arsw\blueprints] for files matching pattern [C:/Users/jrper/Desktop/Semestre/ARSW/Lab 05/ARSW-5L/target/classes/edu/eci/arsw/blueprints/*.class]
23:34:46.245 [main] DEBUG org.springframework.core.io.support.PathMatchingResourcePatternResolver - Resolved location pattern [classpath*:edu/eci/arsw/blueprints/*.class] to resources []
23:34:46.245 [main] DEBUG org.springframework.core.io.support.PathMatchingResourcePatternResolver - Resolved classpath location [edu/eci/arsw/] to resources [URL [file:/C:/Users/jrper/Desktop/Semestre/ARSW/Lab%2005/ARSW-5L/target/test-classes/edu/eci/arsw/], URL [file:/C:/Users/jrper/Desktop/Semestre/ARSW/Lab%2005/ARSW-5L/target/classes/edu/eci/arsw/]]
23:34:46.245 [main] DEBUG org.springframework.core.io.support.PathMatchingResourcePatternResolver - Looking for matching resources in directory tree [C:\Users\jrper\Desktop\Semestre\ARSW\Lab 05\ARSW-5L\target\test-classes\edu\eci\arsw]
23:34:46.246 [main] DEBUG org.springframework.core.io.support.PathMatchingResourcePatternResolver - Searching directory [C:\Users\jrper\Desktop\Semestre\ARSW\Lab 05\ARSW-5L\target\test-classes\edu\eci\arsw] for files matching pattern [C:/Users/jrper/Desktop/Semestre/ARSW/Lab 05/ARSW-5L/target/test-classes/edu/eci/arsw/*.class]
23:34:46.247 [main] DEBUG org.springframework.core.io.support.PathMatchingResourcePatternResolver - Looking for matching resources in directory tree [C:\Users\jrper\Desktop\Semestre\ARSW\Lab 05\ARSW-5L\target\classes\edu\eci\arsw]
23:34:46.247 [main] DEBUG org.springframework.core.io.support.PathMatchingResourcePatternResolver - Searching directory [C:\Users\jrper\Desktop\Semestre\ARSW\Lab 05\ARSW-5L\target\classes\edu\eci\arsw] for files matching pattern [C:/Users/jrper/Desktop/Semestre/ARSW/Lab 05/ARSW-5L/target/classes/edu/eci/arsw/*.class]
23:34:46.248 [main] DEBUG org.springframework.core.io.support.PathMatchingResourcePatternResolver - Resolved location pattern [classpath*:edu/eci/arsw/*.class] to resources []
23:34:46.249 [main] DEBUG org.springframework.core.io.support.PathMatchingResourcePatternResolver - Resolved classpath location [edu/eci/] to resources [URL [file:/C:/Users/jrper/Desktop/Semestre/ARSW/Lab%2005/ARSW-5L/target/test-classes/edu/eci/], URL [file:/C:/Users/jrper/Desktop/Semestre/ARSW/Lab%2005/ARSW-5L/target/classes/edu/eci/]]
23:34:46.249 [main] DEBUG org.springframework.core.io.support.PathMatchingResourcePatternResolver - Looking for matching resources in directory tree [C:\Users\jrper\Desktop\Semestre\ARSW\Lab 05\ARSW-5L\target\test-classes\edu\eci]
23:34:46.250 [main] DEBUG org.springframework.core.io.support.PathMatchingResourcePatternResolver - Searching directory [C:\Users\jrper\Desktop\Semestre\ARSW\Lab 05\ARSW-5L\target\test-classes\edu\eci] for files matching pattern [C:/Users/jrper/Desktop/Semestre/ARSW/Lab 05/ARSW-5L/target/test-classes/edu/eci/*.class]
23:34:46.250 [main] DEBUG org.springframework.core.io.support.PathMatchingResourcePatternResolver - Looking for matching resources in directory tree [C:\Users\jrper\Desktop\Semestre\ARSW\Lab 05\ARSW-5L\target\classes\edu\eci]
23:34:46.251 [main] DEBUG org.springframework.core.io.support.PathMatchingResourcePatternResolver - Searching directory [C:\Users\jrper\Desktop\Semestre\ARSW\Lab 05\ARSW-5L\target\classes\edu\eci] for files matching pattern [C:/Users/jrper/Desktop/Semestre/ARSW/Lab 05/ARSW-5L/target/classes/edu/eci/*.class]
23:34:46.251 [main] DEBUG org.springframework.core.io.support.PathMatchingResourcePatternResolver - Resolved location pattern [classpath*:edu/eci/*.class] to resources []
23:34:46.252 [main] DEBUG org.springframework.core.io.support.PathMatchingResourcePatternResolver - Resolved classpath location [edu/] to resources [URL [file:/C:/Users/jrper/Desktop/Semestre/ARSW/Lab%2005/ARSW-5L/target/test-classes/edu/], URL [file:/C:/Users/jrper/Desktop/Semestre/ARSW/Lab%2005/ARSW-5L/target/classes/edu/]]
23:34:46.252 [main] DEBUG org.springframework.core.io.support.PathMatchingResourcePatternResolver - Looking for matching resources in directory tree [C:\Users\jrper\Desktop\Semestre\ARSW\Lab 05\ARSW-5L\target\test-classes\edu]
23:34:46.252 [main] DEBUG org.springframework.core.io.support.PathMatchingResourcePatternResolver - Searching directory [C:\Users\jrper\Desktop\Semestre\ARSW\Lab 05\ARSW-5L\target\test-classes\edu] for files matching pattern [C:/Users/jrper/Desktop/Semestre/ARSW/Lab 05/ARSW-5L/target/test-classes/edu/*.class]
23:34:46.253 [main] DEBUG org.springframework.core.io.support.PathMatchingResourcePatternResolver - Looking for matching resources in directory tree [C:\Users\jrper\Desktop\Semestre\ARSW\Lab 05\ARSW-5L\target\classes\edu]
23:34:46.253 [main] DEBUG org.springframework.core.io.support.PathMatchingResourcePatternResolver - Searching directory [C:\Users\jrper\Desktop\Semestre\ARSW\Lab 05\ARSW-5L\target\classes\edu] for files matching pattern [C:/Users/jrper/Desktop/Semestre/ARSW/Lab 05/ARSW-5L/target/classes/edu/*.class]
23:34:46.254 [main] DEBUG org.springframework.core.io.support.PathMatchingResourcePatternResolver - Resolved location pattern [classpath*:edu/*.class] to resources []
]]></system-out>
  </testcase>
</testsuite>